<?xml version="1.0" encoding="UTF-8"?>
<!-- Generated by org.testng.reporters.JUnitReportReporter -->
<testsuite skipped="0" hostname="DESKTOP-NBQPCTP" name="Conflict.ContacTest" tests="3" failures="0" timestamp="2021-03-30T10:56:28 IST" time="0.063" errors="0">
  <testcase name="Test" time="0.021" classname="Conflict.ContacTest"/>
  <system-out/>
  <testcase name="Modify" time="0.028" classname="Conflict.ContacTest"/>
  <system-out/>
  <testcase name="create" time="0.014" classname="Conflict.ContacTest"/>
  <system-out/>
</testsuite> <!-- Conflict.ContacTest -->
