<?xml version="1.0" encoding="UTF-8"?>
<!-- Generated by org.testng.reporters.JUnitReportReporter -->
<testsuite skipped="0" hostname="DESKTOP-NBQPCTP" name="DEC.Demo" tests="2" failures="0" timestamp="2021-03-30T10:56:28 IST" time="0.006" errors="0">
  <testcase name="sub" time="0.002" classname="DEC.Demo"/>
  <system-out/>
  <testcase name="add" time="0.004" classname="DEC.Demo"/>
  <system-out/>
</testsuite> <!-- DEC.Demo -->
