<?xml version="1.0" encoding="UTF-8"?>
<!-- Generated by org.testng.reporters.JUnitReportReporter -->
<testsuite skipped="0" hostname="DESKTOP-NBQPCTP" name="Conflict.OrganisationTest" tests="2" failures="0" timestamp="2021-03-30T10:55:43 IST" time="0.009" errors="0">
  <testcase name="Test" time="0.005" classname="Conflict.OrganisationTest"/>
  <system-out/>
  <testcase name="Modify" time="0.004" classname="Conflict.OrganisationTest"/>
  <system-out/>
</testsuite> <!-- Conflict.OrganisationTest -->
