<?xml version="1.0" encoding="UTF-8"?>
<!-- Generated by org.testng.reporters.JUnitReportReporter -->
<testsuite skipped="0" hostname="DESKTOP-NBQPCTP" name="Conflict.OrganisationTest" tests="2" failures="0" timestamp="2021-03-27T20:18:31 IST" time="0.025" errors="0">
  <testcase name="Modify" time="0.024" classname="Conflict.OrganisationTest"/>
  <system-out/>
  <testcase name="Test" time="0.001" classname="Conflict.OrganisationTest"/>
  <system-out/>
</testsuite> <!-- Conflict.OrganisationTest -->
