<?xml version="1.0" encoding="UTF-8"?>
<!-- Generated by org.testng.reporters.JUnitReportReporter -->
<testsuite skipped="0" hostname="DESKTOP-NBQPCTP" name="Conflict.ContacTest" tests="4" failures="0" timestamp="2021-03-30T10:13:24 IST" time="0.014" errors="0">
  <testcase name="LoginTest" time="0.012" classname="Conflict.ContacTest"/>
  <system-out/>
  <testcase name="Test" time="0.001" classname="Conflict.ContacTest"/>
  <system-out/>
  <testcase name="createcontactTest" time="0.001" classname="Conflict.ContacTest"/>
  <system-out/>
  <testcase name="Modify" time="0.000" classname="Conflict.ContacTest"/>
  <system-out/>
</testsuite> <!-- Conflict.ContacTest -->
